<?xml version="1.0" encoding="UTF-8"?>
<!-- Generated by org.testng.reporters.JUnitXMLReporter -->
<testsuite hostname="ADMIN-PC" ignored="0" name="Test" tests="1" failures="1" timestamp="14 Oct 2020 11:23:08 GMT" time="14.72" errors="0">
  <testcase name="signIn" time="4.005" classname="com.test.negative">
    <failure type="java.lang.AssertionError" message="The webpage is not Correct expected [My account - My Store] but found [Login - My Store]">
      <![CDATA[java.lang.AssertionError: The webpage is not Correct expected [My account - My Store] but found [Login - My Store]
at com.test.negative.signIn(negative.java:57)
... Removed 34 stack frames]]>
    </failure>
  </testcase> <!-- signIn -->
</testsuite> <!-- Test -->
