<?xml version="1.0" encoding="UTF-8"?>
<!-- Generated by org.testng.reporters.JUnitXMLReporter -->
<testsuite hostname="ADMIN-PC" ignored="0" name="Test" tests="7" failures="0" timestamp="14 Oct 2020 11:22:36 GMT" time="38.601" errors="0">
  <testcase name="regression_verifyTitle" time="0.254" classname="com.test.regression"/>
  <testcase name="step1" time="7.568" classname="com.test.regression"/>
  <testcase name="step2" time="6.147" classname="com.test.regression"/>
  <testcase name="step3" time="0.171" classname="com.test.regression"/>
  <testcase name="step4" time="0.128" classname="com.test.regression"/>
  <testcase name="step5" time="5.683" classname="com.test.regression"/>
  <testcase name="step6" time="2.221" classname="com.test.regression"/>
</testsuite> <!-- Test -->
