<?xml version="1.0" encoding="UTF-8"?>
<testsuite xmlns:xsi="http://www.w3.org/2001/XMLSchema-instance" xsi:noNamespaceSchemaLocation="https://maven.apache.org/surefire/maven-surefire-plugin/xsd/surefire-test-report-3.0.xsd" version="3.0" name="TestSuite" time="72.627" tests="12" errors="0" skipped="0" failures="1">
  <properties>
[...]
</properties>
  <testcase name="regression_verifyTitle" classname="com.test.regression" time="0.22">
    <system-out><![CDATA[10-14-2020 16:51:57 regression.java INFO  [main] test.regression 32 - ================ Launching Browser ==================
10-14-2020 16:52:13 regression.java INFO  [main] test.regression 46 - ==============Verifying title for regression testing==================
]]></system-out>
    <system-err><![CDATA[SLF4J: Failed to load class "org.slf4j.impl.StaticLoggerBinder".
SLF4J: Defaulting to no-operation (NOP) logger implementation
SLF4J: See http://www.slf4j.org/codes.html#StaticLoggerBinder for further details.
Starting ChromeDriver 86.0.4240.22 (398b0743353ff36fb1b82468f63a3a93b4e2e89e-refs/branch-heads/4240@{#378}) on port 42326
Only local connections are allowed.
Please see https://chromedriver.chromium.org/security-considerations for suggestions on keeping ChromeDriver safe.
ChromeDriver was started successfully.
Oct 14, 2020 4:52:01 PM org.openqa.selenium.remote.ProtocolHandshake createSession
INFO: Detected dialect: W3C
]]></system-err>
  </testcase>
  <testcase name="step1" classname="com.test.regression" time="7.606">
    <system-out><![CDATA[10-14-2020 16:52:13 _Log4jLoggerFactory.java DEBUG [main] freemarker.cache 45 - Couldn't find template in cache for "Extent.ftl"("en_US", UTF-8, parsed); will try to load it.
10-14-2020 16:52:13 _Log4jLoggerFactory.java DEBUG [main] freemarker.cache 45 - TemplateLoader.findTemplateSource("Extent_en_US.ftl"): Not found
10-14-2020 16:52:13 _Log4jLoggerFactory.java DEBUG [main] freemarker.cache 45 - TemplateLoader.findTemplateSource("Extent_en.ftl"): Not found
10-14-2020 16:52:13 _Log4jLoggerFactory.java DEBUG [main] freemarker.cache 45 - TemplateLoader.findTemplateSource("Extent.ftl"): Found
10-14-2020 16:52:13 _Log4jLoggerFactory.java DEBUG [main] freemarker.cache 45 - Loading template for "Extent.ftl"("en_US", UTF-8, parsed) from "jar:file:/C:/Users/ADMIN/.m2/repository/com/relevantcodes/extentreports/2.41.2/extentreports-2.41.2.jar!/com/relevantcodes/extentreports/view/Extent.ftl"
10-14-2020 16:52:13 regression.java INFO  [main] test.regression 62 - ================ Signing In ==================
]]></system-out>
  </testcase>
  <testcase name="step2" classname="com.test.regression" time="6.097">
    <system-out><![CDATA[10-14-2020 16:52:21 _Log4jLoggerFactory.java DEBUG [main] freemarker.cache 45 - Couldn't find template in cache for "Extent.ftl"("en_US", UTF-8, parsed); will try to load it.
10-14-2020 16:52:21 _Log4jLoggerFactory.java DEBUG [main] freemarker.cache 45 - TemplateLoader.findTemplateSource("Extent_en_US.ftl"): Not found
10-14-2020 16:52:21 _Log4jLoggerFactory.java DEBUG [main] freemarker.cache 45 - TemplateLoader.findTemplateSource("Extent_en.ftl"): Not found
10-14-2020 16:52:21 _Log4jLoggerFactory.java DEBUG [main] freemarker.cache 45 - TemplateLoader.findTemplateSource("Extent.ftl"): Found
10-14-2020 16:52:21 _Log4jLoggerFactory.java DEBUG [main] freemarker.cache 45 - Loading template for "Extent.ftl"("en_US", UTF-8, parsed) from "jar:file:/C:/Users/ADMIN/.m2/repository/com/relevantcodes/extentreports/2.41.2/extentreports-2.41.2.jar!/com/relevantcodes/extentreports/view/Extent.ftl"
10-14-2020 16:52:21 regression.java INFO  [main] test.regression 76 - ================ Selecting the Dress ==================
]]></system-out>
  </testcase>
  <testcase name="step3" classname="com.test.regression" time="0.135">
    <system-out><![CDATA[10-14-2020 16:52:27 _Log4jLoggerFactory.java DEBUG [main] freemarker.cache 45 - Couldn't find template in cache for "Extent.ftl"("en_US", UTF-8, parsed); will try to load it.
10-14-2020 16:52:27 _Log4jLoggerFactory.java DEBUG [main] freemarker.cache 45 - TemplateLoader.findTemplateSource("Extent_en_US.ftl"): Not found
10-14-2020 16:52:27 _Log4jLoggerFactory.java DEBUG [main] freemarker.cache 45 - TemplateLoader.findTemplateSource("Extent_en.ftl"): Not found
10-14-2020 16:52:27 _Log4jLoggerFactory.java DEBUG [main] freemarker.cache 45 - TemplateLoader.findTemplateSource("Extent.ftl"): Found
10-14-2020 16:52:27 _Log4jLoggerFactory.java DEBUG [main] freemarker.cache 45 - Loading template for "Extent.ftl"("en_US", UTF-8, parsed) from "jar:file:/C:/Users/ADMIN/.m2/repository/com/relevantcodes/extentreports/2.41.2/extentreports-2.41.2.jar!/com/relevantcodes/extentreports/view/Extent.ftl"
10-14-2020 16:52:27 regression.java INFO  [main] test.regression 90 - ================ Selecting the Size ==================
]]></system-out>
  </testcase>
  <testcase name="step4" classname="com.test.regression" time="0.105">
    <system-out><![CDATA[10-14-2020 16:52:27 _Log4jLoggerFactory.java DEBUG [main] freemarker.cache 45 - Couldn't find template in cache for "Extent.ftl"("en_US", UTF-8, parsed); will try to load it.
10-14-2020 16:52:27 _Log4jLoggerFactory.java DEBUG [main] freemarker.cache 45 - TemplateLoader.findTemplateSource("Extent_en_US.ftl"): Not found
10-14-2020 16:52:27 _Log4jLoggerFactory.java DEBUG [main] freemarker.cache 45 - TemplateLoader.findTemplateSource("Extent_en.ftl"): Not found
10-14-2020 16:52:27 _Log4jLoggerFactory.java DEBUG [main] freemarker.cache 45 - TemplateLoader.findTemplateSource("Extent.ftl"): Found
10-14-2020 16:52:27 _Log4jLoggerFactory.java DEBUG [main] freemarker.cache 45 - Loading template for "Extent.ftl"("en_US", UTF-8, parsed) from "jar:file:/C:/Users/ADMIN/.m2/repository/com/relevantcodes/extentreports/2.41.2/extentreports-2.41.2.jar!/com/relevantcodes/extentreports/view/Extent.ftl"
10-14-2020 16:52:27 regression.java INFO  [main] test.regression 104 - ================ Adding to the Cart ==================
]]></system-out>
  </testcase>
  <testcase name="step5" classname="com.test.regression" time="5.651">
    <system-out><![CDATA[10-14-2020 16:52:27 _Log4jLoggerFactory.java DEBUG [main] freemarker.cache 45 - Couldn't find template in cache for "Extent.ftl"("en_US", UTF-8, parsed); will try to load it.
10-14-2020 16:52:27 _Log4jLoggerFactory.java DEBUG [main] freemarker.cache 45 - TemplateLoader.findTemplateSource("Extent_en_US.ftl"): Not found
10-14-2020 16:52:27 _Log4jLoggerFactory.java DEBUG [main] freemarker.cache 45 - TemplateLoader.findTemplateSource("Extent_en.ftl"): Not found
10-14-2020 16:52:27 _Log4jLoggerFactory.java DEBUG [main] freemarker.cache 45 - TemplateLoader.findTemplateSource("Extent.ftl"): Found
10-14-2020 16:52:27 _Log4jLoggerFactory.java DEBUG [main] freemarker.cache 45 - Loading template for "Extent.ftl"("en_US", UTF-8, parsed) from "jar:file:/C:/Users/ADMIN/.m2/repository/com/relevantcodes/extentreports/2.41.2/extentreports-2.41.2.jar!/com/relevantcodes/extentreports/view/Extent.ftl"
10-14-2020 16:52:27 regression.java INFO  [main] test.regression 118 - ================ Checking out from Cart ==================
]]></system-out>
  </testcase>
  <testcase name="step6" classname="com.test.regression" time="2.202">
    <system-out><![CDATA[10-14-2020 16:52:33 _Log4jLoggerFactory.java DEBUG [main] freemarker.cache 45 - Couldn't find template in cache for "Extent.ftl"("en_US", UTF-8, parsed); will try to load it.
10-14-2020 16:52:33 _Log4jLoggerFactory.java DEBUG [main] freemarker.cache 45 - TemplateLoader.findTemplateSource("Extent_en_US.ftl"): Not found
10-14-2020 16:52:33 _Log4jLoggerFactory.java DEBUG [main] freemarker.cache 45 - TemplateLoader.findTemplateSource("Extent_en.ftl"): Not found
10-14-2020 16:52:33 _Log4jLoggerFactory.java DEBUG [main] freemarker.cache 45 - TemplateLoader.findTemplateSource("Extent.ftl"): Found
10-14-2020 16:52:33 _Log4jLoggerFactory.java DEBUG [main] freemarker.cache 45 - Loading template for "Extent.ftl"("en_US", UTF-8, parsed) from "jar:file:/C:/Users/ADMIN/.m2/repository/com/relevantcodes/extentreports/2.41.2/extentreports-2.41.2.jar!/com/relevantcodes/extentreports/view/Extent.ftl"
10-14-2020 16:52:33 regression.java INFO  [main] test.regression 135 - ================ Signing Out ==================
]]></system-out>
  </testcase>
  <testcase name="smoke_verifyTitle" classname="com.test.smoke" time="0">
    <system-out><![CDATA[10-14-2020 16:52:35 _Log4jLoggerFactory.java DEBUG [main] freemarker.cache 45 - Couldn't find template in cache for "Extent.ftl"("en_US", UTF-8, parsed); will try to load it.
10-14-2020 16:52:35 _Log4jLoggerFactory.java DEBUG [main] freemarker.cache 45 - TemplateLoader.findTemplateSource("Extent_en_US.ftl"): Not found
10-14-2020 16:52:35 _Log4jLoggerFactory.java DEBUG [main] freemarker.cache 45 - TemplateLoader.findTemplateSource("Extent_en.ftl"): Not found
10-14-2020 16:52:35 _Log4jLoggerFactory.java DEBUG [main] freemarker.cache 45 - TemplateLoader.findTemplateSource("Extent.ftl"): Found
10-14-2020 16:52:35 _Log4jLoggerFactory.java DEBUG [main] freemarker.cache 45 - Loading template for "Extent.ftl"("en_US", UTF-8, parsed) from "jar:file:/C:/Users/ADMIN/.m2/repository/com/relevantcodes/extentreports/2.41.2/extentreports-2.41.2.jar!/com/relevantcodes/extentreports/view/Extent.ftl"
10-14-2020 16:52:35 regression.java INFO  [main] test.regression 157 - ================ Closing Browser ==================
10-14-2020 16:52:36 smoke.java INFO  [main] test.smoke 33 - ================ Launching Browser ==================
10-14-2020 16:52:45 smoke.java INFO  [main] test.smoke 47 - ==============Verifying title for smoke testing==================
]]></system-out>
    <system-err><![CDATA[Starting ChromeDriver 86.0.4240.22 (398b0743353ff36fb1b82468f63a3a93b4e2e89e-refs/branch-heads/4240@{#378}) on port 19606
Only local connections are allowed.
Please see https://chromedriver.chromium.org/security-considerations for suggestions on keeping ChromeDriver safe.
ChromeDriver was started successfully.
Oct 14, 2020 4:52:38 PM org.openqa.selenium.remote.ProtocolHandshake createSession
INFO: Detected dialect: W3C
]]></system-err>
  </testcase>
  <testcase name="smoke0" classname="com.test.smoke" time="4.885">
    <system-out><![CDATA[10-14-2020 16:52:45 _Log4jLoggerFactory.java DEBUG [main] freemarker.cache 45 - Couldn't find template in cache for "Extent.ftl"("en_US", UTF-8, parsed); will try to load it.
10-14-2020 16:52:45 _Log4jLoggerFactory.java DEBUG [main] freemarker.cache 45 - TemplateLoader.findTemplateSource("Extent_en_US.ftl"): Not found
10-14-2020 16:52:45 _Log4jLoggerFactory.java DEBUG [main] freemarker.cache 45 - TemplateLoader.findTemplateSource("Extent_en.ftl"): Not found
10-14-2020 16:52:45 _Log4jLoggerFactory.java DEBUG [main] freemarker.cache 45 - TemplateLoader.findTemplateSource("Extent.ftl"): Found
10-14-2020 16:52:45 _Log4jLoggerFactory.java DEBUG [main] freemarker.cache 45 - Loading template for "Extent.ftl"("en_US", UTF-8, parsed) from "jar:file:/C:/Users/ADMIN/.m2/repository/com/relevantcodes/extentreports/2.41.2/extentreports-2.41.2.jar!/com/relevantcodes/extentreports/view/Extent.ftl"
10-14-2020 16:52:45 smoke.java INFO  [main] test.smoke 63 - ============== Checking the SignIn button ==================

Is SignIn button enabled? true

]]></system-out>
  </testcase>
  <testcase name="smoke1" classname="com.test.smoke" time="0.071">
    <system-out><![CDATA[10-14-2020 16:52:50 _Log4jLoggerFactory.java DEBUG [main] freemarker.cache 45 - Couldn't find template in cache for "Extent.ftl"("en_US", UTF-8, parsed); will try to load it.
10-14-2020 16:52:50 _Log4jLoggerFactory.java DEBUG [main] freemarker.cache 45 - TemplateLoader.findTemplateSource("Extent_en_US.ftl"): Not found
10-14-2020 16:52:50 _Log4jLoggerFactory.java DEBUG [main] freemarker.cache 45 - TemplateLoader.findTemplateSource("Extent_en.ftl"): Not found
10-14-2020 16:52:50 _Log4jLoggerFactory.java DEBUG [main] freemarker.cache 45 - TemplateLoader.findTemplateSource("Extent.ftl"): Found
10-14-2020 16:52:50 _Log4jLoggerFactory.java DEBUG [main] freemarker.cache 45 - Loading template for "Extent.ftl"("en_US", UTF-8, parsed) from "jar:file:/C:/Users/ADMIN/.m2/repository/com/relevantcodes/extentreports/2.41.2/extentreports-2.41.2.jar!/com/relevantcodes/extentreports/view/Extent.ftl"
10-14-2020 16:52:50 smoke.java INFO  [main] test.smoke 85 - ============== Checking the email textbox ==================

Is email textbox enabled? true

]]></system-out>
  </testcase>
  <testcase name="smoke2" classname="com.test.smoke" time="2.346">
    <system-out><![CDATA[10-14-2020 16:52:50 _Log4jLoggerFactory.java DEBUG [main] freemarker.cache 45 - Couldn't find template in cache for "Extent.ftl"("en_US", UTF-8, parsed); will try to load it.
10-14-2020 16:52:50 _Log4jLoggerFactory.java DEBUG [main] freemarker.cache 45 - TemplateLoader.findTemplateSource("Extent_en_US.ftl"): Not found
10-14-2020 16:52:50 _Log4jLoggerFactory.java DEBUG [main] freemarker.cache 45 - TemplateLoader.findTemplateSource("Extent_en.ftl"): Not found
10-14-2020 16:52:50 _Log4jLoggerFactory.java DEBUG [main] freemarker.cache 45 - TemplateLoader.findTemplateSource("Extent.ftl"): Found
10-14-2020 16:52:50 _Log4jLoggerFactory.java DEBUG [main] freemarker.cache 45 - Loading template for "Extent.ftl"("en_US", UTF-8, parsed) from "jar:file:/C:/Users/ADMIN/.m2/repository/com/relevantcodes/extentreports/2.41.2/extentreports-2.41.2.jar!/com/relevantcodes/extentreports/view/Extent.ftl"
10-14-2020 16:52:50 smoke.java INFO  [main] test.smoke 106 - ============== Checking the password textbox ==================

Is password textbox enabled? true

]]></system-out>
  </testcase>
  <testcase name="signIn[akashrinki@yahoo.com, aksjksdj](1)" classname="com.test.negative" time="3.971">
    <failure message="The webpage is not Correct expected [My account - My Store] but found [Login - My Store]" type="java.lang.AssertionError"><![CDATA[java.lang.AssertionError: The webpage is not Correct expected [My account - My Store] but found [Login - My Store]
	at com.test.negative.signIn(negative.java:57)
]]></failure>
    <system-out><![CDATA[10-14-2020 16:52:53 _Log4jLoggerFactory.java DEBUG [main] freemarker.cache 45 - Couldn't find template in cache for "Extent.ftl"("en_US", UTF-8, parsed); will try to load it.
10-14-2020 16:52:53 _Log4jLoggerFactory.java DEBUG [main] freemarker.cache 45 - TemplateLoader.findTemplateSource("Extent_en_US.ftl"): Not found
10-14-2020 16:52:53 _Log4jLoggerFactory.java DEBUG [main] freemarker.cache 45 - TemplateLoader.findTemplateSource("Extent_en.ftl"): Not found
10-14-2020 16:52:53 _Log4jLoggerFactory.java DEBUG [main] freemarker.cache 45 - TemplateLoader.findTemplateSource("Extent.ftl"): Found
10-14-2020 16:52:53 _Log4jLoggerFactory.java DEBUG [main] freemarker.cache 45 - Loading template for "Extent.ftl"("en_US", UTF-8, parsed) from "jar:file:/C:/Users/ADMIN/.m2/repository/com/relevantcodes/extentreports/2.41.2/extentreports-2.41.2.jar!/com/relevantcodes/extentreports/view/Extent.ftl"
10-14-2020 16:52:53 smoke.java INFO  [main] test.smoke 139 - ================ Closing Browser ==================
10-14-2020 16:52:54 negative.java INFO  [main] test.smoke 34 - ================ Launching Browser ==================
10-14-2020 16:53:03 negative.java INFO  [main] test.smoke 53 - ================ Signing In ==================
]]></system-out>
    <system-err><![CDATA[Starting ChromeDriver 86.0.4240.22 (398b0743353ff36fb1b82468f63a3a93b4e2e89e-refs/branch-heads/4240@{#378}) on port 40400
Only local connections are allowed.
Please see https://chromedriver.chromium.org/security-considerations for suggestions on keeping ChromeDriver safe.
ChromeDriver was started successfully.
Oct 14, 2020 4:52:56 PM org.openqa.selenium.remote.ProtocolHandshake createSession
INFO: Detected dialect: W3C
]]></system-err>
  </testcase>
</testsuite>