-------------------------------------------------------------------------------
Test set: TestSuite
-------------------------------------------------------------------------------
Tests run: 12, Failures: 1, Errors: 0, Skipped: 0, Time elapsed: 72.627 s <<< FAILURE! - in TestSuite
com.test.negative.signIn[akashrinki@yahoo.com, aksjksdj](1)  Time elapsed: 3.971 s  <<< FAILURE!
java.lang.AssertionError: The webpage is not Correct expected [My account - My Store] but found [Login - My Store]
	at com.test.negative.signIn(negative.java:57)

