<?xml version="1.0" encoding="UTF-8"?>
<!-- Generated by org.testng.reporters.JUnitXMLReporter -->
<testsuite hostname="ADMIN-PC" ignored="0" name="Test" tests="4" failures="0" timestamp="14 Oct 2020 11:22:54 GMT" time="17.636" errors="0">
  <testcase name="smoke_verifyTitle" time="0.014" classname="com.test.smoke"/>
  <testcase name="smoke0" time="4.94" classname="com.test.smoke"/>
  <testcase name="smoke1" time="0.084" classname="com.test.smoke"/>
  <testcase name="smoke2" time="2.373" classname="com.test.smoke"/>
</testsuite> <!-- Test -->
